<?xml version="1.0" encoding="UTF-8"?>
<!-- Generated by org.testng.reporters.JUnitXMLReporter -->
<testsuite ignored="0" hostname="CJ" failures="0" tests="1" name="Test-Runner-2" time="10.28" errors="0" timestamp="2024-10-28T08:14:06 IST">
  <testcase classname="products.RemoveProductTest" name="sampleTest" time="0.026"/>
</testsuite> <!-- Test-Runner-2 -->
