<?xml version="1.0" encoding="UTF-8"?>
<!-- Generated by org.testng.reporters.JUnitXMLReporter -->
<testsuite ignored="0" hostname="CJ" failures="0" tests="1" name="Test-Runner-1" time="14.514" errors="0" timestamp="2024-10-28T08:14:10 IST">
  <testcase classname="products.AddProductToCartTest" name="tc001_addSingleProductToCartTest" time="4.524"/>
</testsuite> <!-- Test-Runner-1 -->
