<?xml version="1.0" encoding="UTF-8"?>
<!-- Generated by org.testng.reporters.JUnitXMLReporter -->
<testsuite ignored="0" hostname="CJ" failures="0" tests="1" name="Test-Runner-Firefox" time="11.81" errors="0" timestamp="2024-10-29T08:22:12 IST">
  <testcase classname="products.RemoveProductTest" name="sampleTest" time="0.005"/>
</testsuite> <!-- Test-Runner-Firefox -->
