<?xml version="1.0" encoding="UTF-8"?>
<!-- Generated by org.testng.reporters.JUnitReportReporter -->
<testsuite hostname="CJ" failures="0" tests="2" name="products.RemoveProductTest" time="3.648" errors="0" timestamp="2024-10-29T08:22:12 IST" skipped="0">
  <testcase classname="products.RemoveProductTest" name="sampleTest" time="2.006"/>
  <system-out/>
  <testcase classname="products.RemoveProductTest" name="sampleTest" time="1.642"/>
  <system-out/>
</testsuite> <!-- products.RemoveProductTest -->
