<?xml version="1.0" encoding="UTF-8"?>
<!-- Generated by org.testng.reporters.JUnitReportReporter -->
<testsuite hostname="CJ" failures="0" tests="3" name="practice.TestNG_Using_Priority" time="0.019" errors="0" timestamp="2024-10-23T20:54:05 IST" skipped="0">
  <testcase classname="practice.TestNG_Using_Priority" name="CreateAccount" time="0.013">
    <system-out>
      <![CDATA[Create Account]]>
    </system-out>
  </testcase> <!-- CreateAccount -->
  <testcase classname="practice.TestNG_Using_Priority" name="EditAccount" time="0.004">
    <system-out>
      <![CDATA[Edit Account]]>
    </system-out>
  </testcase> <!-- EditAccount -->
  <testcase classname="practice.TestNG_Using_Priority" name="DeleteAccount" time="0.002">
    <system-out>
      <![CDATA[DeleteAccount]]>
    </system-out>
  </testcase> <!-- DeleteAccount -->
  <system-out>
    <![CDATA[Create Account
Edit Account
DeleteAccount]]>
  </system-out>
</testsuite> <!-- practice.TestNG_Using_Priority -->
