<?xml version="1.0" encoding="UTF-8"?>
<!-- Generated by org.testng.reporters.JUnitReportReporter -->
<testsuite hostname="CJ" failures="0" tests="5" name="practice.TestNG_DependsOnGroups" time="0.021" errors="0" timestamp="2024-10-23T20:56:15 IST" skipped="0">
  <testcase classname="practice.TestNG_DependsOnGroups" name="test3" time="0.004"/>
  <testcase classname="practice.TestNG_DependsOnGroups" name="test5" time="0.002"/>
  <testcase classname="practice.TestNG_DependsOnGroups" name="test2" time="0.012"/>
  <testcase classname="practice.TestNG_DependsOnGroups" name="test4" time="0.002"/>
  <testcase classname="practice.TestNG_DependsOnGroups" name="test1" time="0.001"/>
</testsuite> <!-- practice.TestNG_DependsOnGroups -->
