<?xml version="1.0" encoding="UTF-8"?>
<!-- Generated by org.testng.reporters.JUnitReportReporter -->
<testsuite hostname="CJ" failures="0" tests="2" name="practice.TestNG_DependsOnMethods" time="0.013" errors="0" timestamp="2024-10-23T20:55:48 IST" skipped="0">
  <testcase classname="practice.TestNG_DependsOnMethods" name="Chat" time="0.001"/>
  <testcase classname="practice.TestNG_DependsOnMethods" name="Contact" time="0.012"/>
</testsuite> <!-- practice.TestNG_DependsOnMethods -->
