<?xml version="1.0" encoding="UTF-8"?>
<!-- Generated by org.testng.reporters.JUnitReportReporter -->
<testsuite hostname="CJ" failures="0" tests="5" name="practice.TestNG_InvocationCount" time="0.021" errors="0" timestamp="2024-10-23T20:55:23 IST" skipped="0">
  <testcase classname="practice.TestNG_InvocationCount" name="SampleTest" time="0.002"/>
  <testcase classname="practice.TestNG_InvocationCount" name="SampleTest" time="0.015"/>
  <testcase classname="practice.TestNG_InvocationCount" name="SampleTest" time="0.001"/>
  <testcase classname="practice.TestNG_InvocationCount" name="SampleTest" time="0.000"/>
  <testcase classname="practice.TestNG_InvocationCount" name="SampleTest" time="0.003"/>
</testsuite> <!-- practice.TestNG_InvocationCount -->
